<?xml version="1.0" encoding="UTF-8"?>
<!-- Generated by org.testng.reporters.JUnitReportReporter -->
<testsuite skipped="0" hostname="MHBL-MT-77" name="Actions.PersonalTest" tests="1" failures="0" timestamp="12 Feb 2019 10:10:46 GMT" time="6.267" errors="0">
  <testcase name="register" time="6.267" classname="Actions.PersonalTest"/>
</testsuite> <!-- Actions.PersonalTest -->
