<?xml version="1.0" encoding="UTF-8"?>
<!-- Generated by org.testng.reporters.JUnitReportReporter -->
<testsuite skipped="0" hostname="MHBL-MT-77" name="Actions.PersonalTest" tests="1" failures="0" timestamp="18 Feb 2019 12:34:50 GMT" time="25.791" errors="0">
  <testcase name="register" time="25.791" classname="Actions.PersonalTest"/>
</testsuite> <!-- Actions.PersonalTest -->
